0.000000 0.000000 95.478084 -197.030990 468.739903 -0.931358 -2.063625
0.000000 1.000000 95.478084 -195.959862 468.523228 -0.926509 -2.052407
0.000000 2.000000 95.478084 -194.829044 468.367904 -0.921315 -2.040563
0.000000 3.000000 95.478084 -193.638878 468.274118 -0.915779 -2.028098
0.000000 4.000000 95.478084 -192.389729 468.241985 -0.909903 -2.015015
0.000000 5.000000 95.478084 -191.081975 468.271544 -0.903689 -2.001318
0.000000 6.000000 95.478084 -189.716017 468.362759 -0.897142 -1.987011
0.000000 7.000000 95.478084 -188.292268 468.515520 -0.890264 -1.972099
0.000000 8.000000 95.478084 -186.811165 468.729639 -0.883059 -1.956587
0.000000 9.000000 95.478084 -185.273156 469.004856 -0.875532 -1.940478
0.000000 10.000000 95.478084 -183.678712 469.340837 -0.867686 -1.923779
0.000000 11.000000 95.478084 -182.028317 469.737170 -0.859527 -1.906493
0.000000 12.000000 95.478084 -180.322475 470.193374 -0.851059 -1.888627
0.000000 13.000000 95.478084 -178.561705 470.708893 -0.842287 -1.870185
0.000000 14.000000 95.478084 -176.746543 471.283098 -0.833217 -1.851174
0.000000 15.000000 95.478084 -174.877543 471.915291 -0.823854 -1.831599
0.000000 16.000000 95.478084 -172.955273 472.604700 -0.814203 -1.811466
0.000000 17.000000 95.478084 -170.980319 473.350486 -0.804272 -1.790781
0.000000 18.000000 95.478084 -168.953283 474.151741 -0.794065 -1.769550
0.000000 19.000000 95.478084 -166.874782 475.007488 -0.783590 -1.747781
0.000000 20.000000 95.478084 -164.745450 475.916684 -0.772852 -1.725479
0.000000 21.000000 95.478084 -162.565934 476.878221 -0.761858 -1.702652
0.000000 22.000000 95.478084 -160.336899 477.890929 -0.750615 -1.679306
0.000000 23.000000 95.478084 -158.059024 478.953574 -0.739130 -1.655448
0.000000 24.000000 95.478084 -155.733003 480.064860 -0.727409 -1.631086
0.000000 25.000000 95.478084 -153.359544 481.223434 -0.715460 -1.606228
0.000000 26.000000 95.478084 -150.939370 482.427884 -0.703290 -1.580880
0.000000 27.000000 95.478084 -148.473219 483.676743 -0.690906 -1.555050
0.000000 28.000000 95.478084 -145.961841 484.968490 -0.678314 -1.528747
0.000000 29.000000 95.478084 -143.406002 486.301550 -0.665522 -1.501978
0.000000 30.000000 95.478084 -140.806480 487.674299 -0.652538 -1.474752
0.000000 31.000000 95.478084 -138.164067 489.085066 -0.639368 -1.447076
0.000000 32.000000 95.478084 -135.479568 490.532130 -0.626020 -1.418960
0.000000 33.000000 95.478084 -132.753800 492.013730 -0.612501 -1.390411
0.000000 34.000000 95.478084 -129.987595 493.528059 -0.598817 -1.361439
0.000000 35.000000 95.478084 -127.181794 495.073274 -0.584976 -1.332052
0.000000 36.000000 95.478084 -124.337252 496.647490 -0.570986 -1.302260
0.000000 37.000000 95.478084 -121.454836 498.248792 -0.556852 -1.272070
0.000000 38.000000 95.478084 -118.535423 499.875227 -0.542582 -1.241494
0.000000 39.000000 95.478084 -115.579903 501.524813 -0.528183 -1.210539
0.000000 40.000000 95.478084 -112.589177 503.195542 -0.513661 -1.179215
0.000000 41.000000 95.478084 -109.564155 504.885378 -0.499023 -1.147532
0.000000 42.000000 95.478084 -106.505759 506.592261 -0.484275 -1.115500
0.000000 43.000000 95.478084 -103.414919 508.314113 -0.469424 -1.083127
0.000000 44.000000 95.478084 -100.292579 510.048835 -0.454476 -1.050425
0.000000 45.000000 95.478084 -97.139689 511.794315 -0.439438 -1.017403
0.000000 46.000000 95.478084 -93.957209 513.548424 -0.424314 -0.984071
0.000000 47.000000 95.478084 -90.746108 515.309027 -0.409112 -0.950439
0.000000 48.000000 95.478084 -87.507366 517.073978 -0.393837 -0.916518
0.000000 49.000000 95.478084 -84.241968 518.841127 -0.378494 -0.882317
0.000000 50.000000 95.478084 -80.950909 520.608321 -0.363090 -0.847848
0.000000 51.000000 95.478084 -77.635191 522.373407 -0.347629 -0.813121
0.000000 52.000000 95.478084 -74.295825 524.134234 -0.332117 -0.778145
0.000000 53.000000 95.478084 -70.933828 525.888657 -0.316559 -0.742933
0.000000 54.000000 95.478084 -67.550224 527.634539 -0.300960 -0.707495
0.000000 55.000000 95.478084 -64.146043 529.369753 -0.285324 -0.671840
0.000000 56.000000 95.478084 -60.722323 531.092184 -0.269657 -0.635982
0.000000 57.000000 95.478084 -57.280106 532.799733 -0.253963 -0.599929
0.000000 58.000000 95.478084 -53.820442 534.490321 -0.238246 -0.563694
0.000000 59.000000 95.478084 -50.344383 536.161888 -0.222511 -0.527287
0.000000 60.000000 95.478084 -46.852988 537.812398 -0.206762 -0.490720
0.000000 61.000000 95.478084 -43.347322 539.439838 -0.191002 -0.454003
0.000000 62.000000 95.478084 -39.828451 541.042228 -0.175237 -0.417148
0.000000 63.000000 95.478084 -36.297449 542.617613 -0.159469 -0.380165
0.000000 64.000000 95.478084 -32.755390 544.164076 -0.143703 -0.343067
0.000000 65.000000 95.478084 -29.203353 545.679731 -0.127942 -0.305864
0.000000 66.000000 95.478084 -25.642421 547.162732 -0.112189 -0.268569
0.000000 67.000000 95.478084 -22.073678 548.611273 -0.096447 -0.231191
0.000000 68.000000 95.478084 -18.498211 550.023589 -0.080721 -0.193743
0.000000 69.000000 95.478084 -14.917109 551.397958 -0.065013 -0.156236
0.000000 70.000000 95.478084 -11.331463 552.732707 -0.049326 -0.118681
0.000000 71.000000 95.478084 -7.742366 554.026209 -0.033663 -0.081091
0.000000 72.000000 95.478084 -4.150910 555.276888 -0.018028 -0.043475
0.000000 73.000000 95.478084 -0.558190 556.483221 -0.002422 -0.005846
0.000000 74.000000 95.478084 3.034701 557.643738 0.013152 0.031784
0.000000 75.000000 95.478084 6.626666 558.757025 0.028690 0.069405
0.000000 76.000000 95.478084 10.216614 559.821725 0.044191 0.107005
0.000000 77.000000 95.478084 13.803449 560.836542 0.059651 0.144572
0.000000 78.000000 95.478084 17.386079 561.800238 0.075069 0.182095
0.000000 79.000000 95.478084 20.963414 562.711641 0.090441 0.219563
0.000000 80.000000 95.478084 24.534363 563.569639 0.105767 0.256963
0.000000 81.000000 95.478084 28.097838 564.373187 0.121042 0.294286
0.000000 82.000000 95.478084 31.652755 565.121306 0.136266 0.331519
0.000000 83.000000 95.478084 35.198030 565.813085 0.151436 0.368650
0.000000 84.000000 95.478084 38.732583 566.447680 0.166550 0.405670
0.000000 85.000000 95.478084 42.255338 567.024320 0.181605 0.442566
0.000000 86.000000 95.478084 45.765221 567.542300 0.196600 0.479327
0.000000 87.000000 95.478084 49.261164 568.000991 0.211533 0.515942
0.000000 88.000000 95.478084 52.742102 568.399833 0.226401 0.552400
0.000000 89.000000 95.478084 56.206974 568.738340 0.241203 0.588690
0.000000 90.000000 95.478084 59.654724 569.016099 0.255936 0.624800
0.000000 91.000000 95.478084 63.084304 569.232774 0.270598 0.660720
0.000000 92.000000 95.478084 66.494667 569.388099 0.285188 0.696439
0.000000 93.000000 95.478084 69.884775 569.481885 0.299703 0.731946
0.000000 94.000000 95.478084 73.253595 569.514018 0.314141 0.767229
0.000000 95.000000 95.478084 76.600102 569.484458 0.328501 0.802279
0.000000 96.000000 95.478084 79.923276 569.393243 0.342780 0.837085
0.000000 97.000000 95.478084 83.222104 569.240482 0.356976 0.871636
0.000000 98.000000 95.478084 86.495582 569.026363 0.371087 0.905921
0.000000 99.000000 95.478084 89.742713 568.751146 0.385111 0.939930
0.000000 100.000000 95.478084 92.962507 568.415166 0.399046 0.973653
0.000000 101.000000 95.478084 96.153984 568.018832 0.412890 1.007079
0.000000 102.000000 95.478084 99.316172 567.562628 0.426640 1.040199
0.000000 103.000000 95.478084 102.448106 567.047109 0.440294 1.073001
0.000000 104.000000 95.478084 105.548835 566.472904 0.453850 1.105477
0.000000 105.000000 95.478084 108.617411 565.840711 0.467305 1.137616
0.000000 106.000000 95.478084 111.652902 565.151302 0.480658 1.169409
0.000000 107.000000 95.478084 114.654383 564.405516 0.493905 1.200845
0.000000 108.000000 95.478084 117.620939 563.604261 0.507044 1.231916
0.000000 109.000000 95.478084 120.551666 562.748515 0.520073 1.262611
0.000000 110.000000 95.478084 123.445672 561.839319 0.532989 1.292922
0.000000 111.000000 95.478084 126.302075 560.877781 0.545789 1.322838
0.000000 112.000000 95.478084 129.120005 559.865073 0.558470 1.352352
0.000000 113.000000 95.478084 131.898604 558.802428 0.571030 1.381454
0.000000 114.000000 95.478084 134.637026 557.691142 0.583466 1.410135
0.000000 115.000000 95.478084 137.334436 556.532568 0.595775 1.438387
0.000000 116.000000 95.478084 139.990012 555.328118 0.607954 1.466200
0.000000 117.000000 95.478084 142.602946 554.079259 0.619999 1.493567
0.000000 118.000000 95.478084 145.172442 552.787512 0.631907 1.520479
0.000000 119.000000 95.478084 147.697717 551.454452 0.643676 1.546928
0.000000 120.000000 95.478084 150.178002 550.081703 0.655301 1.572905
0.000000 121.000000 95.478084 152.612541 548.670936 0.666780 1.598404
0.000000 122.000000 95.478084 155.000592 547.223872 0.678108 1.623415
0.000000 123.000000 95.478084 157.341430 545.742273 0.689283 1.647932
0.000000 124.000000 95.478084 159.634339 544.227943 0.700300 1.671947
0.000000 125.000000 95.478084 161.878622 542.682729 0.711156 1.695453
0.000000 126.000000 95.478084 164.073596 541.108512 0.721846 1.718442
0.000000 127.000000 95.478084 166.218591 539.507210 0.732368 1.740908
0.000000 128.000000 95.478084 168.312954 537.880776 0.742716 1.762844
0.000000 129.000000 95.478084 170.356048 536.231189 0.752887 1.784242
0.000000 130.000000 95.478084 172.347249 534.560460 0.762876 1.805097
0.000000 131.000000 95.478084 174.285952 532.870624 0.772680 1.825403
0.000000 132.000000 95.478084 176.171565 531.163741 0.782294 1.845152
0.000000 133.000000 95.478084 178.003515 529.441889 0.791713 1.864339
0.000000 134.000000 95.478084 179.781244 527.707167 0.800933 1.882958
0.000000 135.000000 95.478084 181.504209 525.961688 0.809949 1.901004
0.000000 136.000000 95.478084 183.171886 524.207578 0.818758 1.918470
0.000000 137.000000 95.478084 184.783768 522.446975 0.827353 1.935353
0.000000 138.000000 95.478084 186.339362 520.682024 0.835731 1.951645
0.000000 139.000000 95.478084 187.838196 518.914875 0.843886 1.967344
0.000000 140.000000 95.478084 189.279812 517.147681 0.851815 1.982443
0.000000 141.000000 95.478084 190.663772 515.382595 0.859511 1.996938
0.000000 142.000000 95.478084 191.989654 513.621768 0.866970 2.010824
0.000000 143.000000 95.478084 193.257054 511.867345 0.874188 2.024099
0.000000 144.000000 95.478084 194.465586 510.121463 0.881159 2.036756
0.000000 145.000000 95.478084 195.614882 508.386249 0.887878 2.048794
0.000000 146.000000 95.478084 196.704592 506.663819 0.894340 2.060207
0.000000 147.000000 95.478084 197.734383 504.956269 0.900541 2.070992
0.000000 148.000000 95.478084 198.703943 503.265681 0.906475 2.081147
0.000000 149.000000 95.478084 199.612976 501.594114 0.912138 2.090668
0.000000 150.000000 95.478084 200.461204 499.943604 0.917525 2.099552
0.000000 151.000000 95.478084 201.248371 498.316164 0.922631 2.107796
0.000000 152.000000 95.478084 201.974235 496.713775 0.927451 2.115399
0.000000 153.000000 95.478084 202.638575 495.138389 0.931981 2.122357
0.000000 154.000000 95.478084 203.241190 493.591927 0.936216 2.128669
0.000000 155.000000 95.478084 203.781896 492.076271 0.940151 2.134332
0.000000 156.000000 95.478084 204.260528 490.593270 0.943782 2.139345
0.000000 157.000000 95.478084 204.676940 489.144729 0.947106 2.143706
0.000000 158.000000 95.478084 205.031005 487.732414 0.950117 2.147414
0.000000 159.000000 95.478084 205.322617 486.358044 0.952811 2.150469
0.000000 160.000000 95.478084 205.551684 485.023295 0.955186 2.152868
0.000000 161.000000 95.478084 205.718139 483.729793 0.957237 2.154611
0.000000 162.000000 95.478084 205.821930 482.479114 0.958960 2.155698
0.000000 163.000000 95.478084 205.863026 481.272781 0.960353 2.156129
0.000000 164.000000 95.478084 205.841414 480.112264 0.961412 2.155902
0.000000 165.000000 95.478084 205.757100 478.998977 0.962134 2.155019
0.000000 166.000000 95.478084 205.610111 477.934277 0.962517 2.153480
0.000000 167.000000 95.478084 205.400491 476.919461 0.962558 2.151284
0.000000 168.000000 95.478084 205.128304 475.955764 0.962256 2.148433
0.000000 169.000000 95.478084 204.793633 475.044361 0.961607 2.144928
0.000000 170.000000 95.478084 204.396580 474.186364 0.960610 2.140770
0.000000 171.000000 95.478084 203.937266 473.382815 0.959265 2.135959
0.000000 172.000000 95.478084 203.415831 472.634696 0.957569 2.130498
0.000000 173.000000 95.478084 202.832433 471.942917 0.955522 2.124387
0.000000 174.000000 95.478084 202.187250 471.308322 0.953124 2.117630
0.000000 175.000000 95.478084 201.480479 470.731682 0.950374 2.110228
0.000000 176.000000 95.478084 200.712335 470.213702 0.947272 2.102182
0.000000 177.000000 95.478084 199.883053 469.755011 0.943818 2.093497
0.000000 178.000000 95.478084 198.992883 469.356170 0.940014 2.084173
0.000000 179.000000 95.478084 198.042099 469.017663 0.935860 2.074215
0.000000 180.000000 95.478084 197.030990 468.739903 0.931358 2.063625
0.000000 181.000000 95.478084 195.959862 468.523228 0.926509 2.052407
0.000000 182.000000 95.478084 194.829044 468.367904 0.921315 2.040563
0.000000 183.000000 95.478084 193.638878 468.274118 0.915779 2.028098
0.000000 184.000000 95.478084 192.389729 468.241985 0.909903 2.015015
0.000000 185.000000 95.478084 191.081975 468.271544 0.903689 2.001318
0.000000 186.000000 95.478084 189.716017 468.362759 0.897142 1.987011
0.000000 187.000000 95.478084 188.292268 468.515520 0.890264 1.972099
0.000000 188.000000 95.478084 186.811165 468.729639 0.883059 1.956587
0.000000 189.000000 95.478084 185.273156 469.004856 0.875532 1.940478
0.000000 190.000000 95.478084 183.678712 469.340837 0.867686 1.923779
0.000000 191.000000 95.478084 182.028317 469.737170 0.859527 1.906493
0.000000 192.000000 95.478084 180.322475 470.193374 0.851059 1.888627
0.000000 193.000000 95.478084 178.561705 470.708893 0.842287 1.870185
0.000000 194.000000 95.478084 176.746543 471.283098 0.833217 1.851174
0.000000 195.000000 95.478084 174.877543 471.915291 0.823854 1.831599
0.000000 196.000000 95.478084 172.955273 472.604700 0.814203 1.811466
0.000000 197.000000 95.478084 170.980319 473.350486 0.804272 1.790781
0.000000 198.000000 95.478084 168.953283 474.151741 0.794065 1.769550
0.000000 199.000000 95.478084 166.874782 475.007488 0.783590 1.747781
0.000000 200.000000 95.478084 164.745450 475.916684 0.772852 1.725479
0.000000 201.000000 95.478084 162.565934 476.878221 0.761858 1.702652
0.000000 202.000000 95.478084 160.336899 477.890929 0.750615 1.679306
0.000000 203.000000 95.478084 158.059024 478.953574 0.739130 1.655448
0.000000 204.000000 95.478084 155.733003 480.064860 0.727409 1.631086
0.000000 205.000000 95.478084 153.359544 481.223434 0.715460 1.606228
0.000000 206.000000 95.478084 150.939370 482.427884 0.703290 1.580880
0.000000 207.000000 95.478084 148.473219 483.676743 0.690906 1.555050
0.000000 208.000000 95.478084 145.961841 484.968490 0.678314 1.528747
0.000000 209.000000 95.478084 143.406002 486.301550 0.665522 1.501978
0.000000 210.000000 95.478084 140.806480 487.674299 0.652538 1.474752
0.000000 211.000000 95.478084 138.164067 489.085066 0.639368 1.447076
0.000000 212.000000 95.478084 135.479568 490.532130 0.626020 1.418960
0.000000 213.000000 95.478084 132.753800 492.013730 0.612501 1.390411
0.000000 214.000000 95.478084 129.987595 493.528059 0.598817 1.361439
0.000000 215.000000 95.478084 127.181794 495.073274 0.584976 1.332052
0.000000 216.000000 95.478084 124.337252 496.647490 0.570986 1.302260
0.000000 217.000000 95.478084 121.454836 498.248792 0.556852 1.272070
0.000000 218.000000 95.478084 118.535423 499.875227 0.542582 1.241494
0.000000 219.000000 95.478084 115.579903 501.524813 0.528183 1.210539
0.000000 220.000000 95.478084 112.589177 503.195542 0.513661 1.179215
0.000000 221.000000 95.478084 109.564155 504.885378 0.499023 1.147532
0.000000 222.000000 95.478084 106.505759 506.592261 0.484275 1.115500
0.000000 223.000000 95.478084 103.414919 508.314113 0.469424 1.083127
0.000000 224.000000 95.478084 100.292579 510.048835 0.454476 1.050425
0.000000 225.000000 95.478084 97.139689 511.794315 0.439438 1.017403
0.000000 226.000000 95.478084 93.957209 513.548424 0.424314 0.984071
0.000000 227.000000 95.478084 90.746108 515.309027 0.409112 0.950439
0.000000 228.000000 95.478084 87.507366 517.073978 0.393837 0.916518
0.000000 229.000000 95.478084 84.241968 518.841127 0.378494 0.882317
0.000000 230.000000 95.478084 80.950909 520.608321 0.363090 0.847848
0.000000 231.000000 95.478084 77.635191 522.373407 0.347629 0.813121
0.000000 232.000000 95.478084 74.295825 524.134234 0.332117 0.778145
0.000000 233.000000 95.478084 70.933828 525.888657 0.316559 0.742933
0.000000 234.000000 95.478084 67.550224 527.634539 0.300960 0.707495
0.000000 235.000000 95.478084 64.146043 529.369753 0.285324 0.671840
0.000000 236.000000 95.478084 60.722323 531.092184 0.269657 0.635982
0.000000 237.000000 95.478084 57.280106 532.799733 0.253963 0.599929
0.000000 238.000000 95.478084 53.820442 534.490321 0.238246 0.563694
0.000000 239.000000 95.478084 50.344383 536.161888 0.222511 0.527287
0.000000 240.000000 95.478084 46.852988 537.812398 0.206762 0.490720
0.000000 241.000000 95.478084 43.347322 539.439838 0.191002 0.454003
0.000000 242.000000 95.478084 39.828451 541.042228 0.175237 0.417148
0.000000 243.000000 95.478084 36.297449 542.617613 0.159469 0.380165
0.000000 244.000000 95.478084 32.755390 544.164076 0.143703 0.343067
0.000000 245.000000 95.478084 29.203353 545.679731 0.127942 0.305864
0.000000 246.000000 95.478084 25.642421 547.162732 0.112189 0.268569
0.000000 247.000000 95.478084 22.073678 548.611273 0.096447 0.231191
0.000000 248.000000 95.478084 18.498211 550.023589 0.080721 0.193743
0.000000 249.000000 95.478084 14.917109 551.397958 0.065013 0.156236
0.000000 250.000000 95.478084 11.331463 552.732707 0.049326 0.118681
0.000000 251.000000 95.478084 7.742366 554.026209 0.033663 0.081091
0.000000 252.000000 95.478084 4.150910 555.276888 0.018028 0.043475
0.000000 253.000000 95.478084 0.558190 556.483221 0.002422 0.005846
0.000000 254.000000 95.478084 -3.034701 557.643738 -0.013152 -0.031784
0.000000 255.000000 95.478084 -6.626666 558.757025 -0.028690 -0.069405
0.000000 256.000000 95.478084 -10.216614 559.821725 -0.044191 -0.107005
0.000000 257.000000 95.478084 -13.803449 560.836542 -0.059651 -0.144572
0.000000 258.000000 95.478084 -17.386079 561.800238 -0.075069 -0.182095
0.000000 259.000000 95.478084 -20.963414 562.711641 -0.090441 -0.219563
0.000000 260.000000 95.478084 -24.534363 563.569639 -0.105767 -0.256963
0.000000 261.000000 95.478084 -28.097838 564.373187 -0.121042 -0.294286
0.000000 262.000000 95.478084 -31.652755 565.121306 -0.136266 -0.331519
0.000000 263.000000 95.478084 -35.198030 565.813085 -0.151436 -0.368650
0.000000 264.000000 95.478084 -38.732583 566.447680 -0.166550 -0.405670
0.000000 265.000000 95.478084 -42.255338 567.024320 -0.181605 -0.442566
0.000000 266.000000 95.478084 -45.765221 567.542300 -0.196600 -0.479327
0.000000 267.000000 95.478084 -49.261164 568.000991 -0.211533 -0.515942
0.000000 268.000000 95.478084 -52.742102 568.399833 -0.226401 -0.552400
0.000000 269.000000 95.478084 -56.206974 568.738340 -0.241203 -0.588690
0.000000 270.000000 95.478084 -59.654724 569.016099 -0.255936 -0.624800
0.000000 271.000000 95.478084 -63.084304 569.232774 -0.270598 -0.660720
0.000000 272.000000 95.478084 -66.494667 569.388099 -0.285188 -0.696439
0.000000 273.000000 95.478084 -69.884775 569.481885 -0.299703 -0.731946
0.000000 274.000000 95.478084 -73.253595 569.514018 -0.314141 -0.767229
0.000000 275.000000 95.478084 -76.600102 569.484458 -0.328501 -0.802279
0.000000 276.000000 95.478084 -79.923276 569.393243 -0.342780 -0.837085
0.000000 277.000000 95.478084 -83.222104 569.240482 -0.356976 -0.871636
0.000000 278.000000 95.478084 -86.495582 569.026363 -0.371087 -0.905921
0.000000 279.000000 95.478084 -89.742713 568.751146 -0.385111 -0.939930
0.000000 280.000000 95.478084 -92.962507 568.415166 -0.399046 -0.973653
0.000000 281.000000 95.478084 -96.153984 568.018832 -0.412890 -1.007079
0.000000 282.000000 95.478084 -99.316172 567.562628 -0.426640 -1.040199
0.000000 283.000000 95.478084 -102.448106 567.047109 -0.440294 -1.073001
0.000000 284.000000 95.478084 -105.548835 566.472904 -0.453850 -1.105477
0.000000 285.000000 95.478084 -108.617411 565.840711 -0.467305 -1.137616
0.000000 286.000000 95.478084 -111.652902 565.151302 -0.480658 -1.169409
0.000000 287.000000 95.478084 -114.654383 564.405516 -0.493905 -1.200845
0.000000 288.000000 95.478084 -117.620939 563.604261 -0.507044 -1.231916
0.000000 289.000000 95.478084 -120.551666 562.748515 -0.520073 -1.262611
0.000000 290.000000 95.478084 -123.445672 561.839319 -0.532989 -1.292922
0.000000 291.000000 95.478084 -126.302075 560.877781 -0.545789 -1.322838
0.000000 292.000000 95.478084 -129.120005 559.865073 -0.558470 -1.352352
0.000000 293.000000 95.478084 -131.898604 558.802428 -0.571030 -1.381454
0.000000 294.000000 95.478084 -134.637026 557.691142 -0.583466 -1.410135
0.000000 295.000000 95.478084 -137.334436 556.532568 -0.595775 -1.438387
0.000000 296.000000 95.478084 -139.990012 555.328118 -0.607954 -1.466200
0.000000 297.000000 95.478084 -142.602946 554.079259 -0.619999 -1.493567
0.000000 298.000000 95.478084 -145.172442 552.787512 -0.631907 -1.520479
0.000000 299.000000 95.478084 -147.697717 551.454452 -0.643676 -1.546928
0.000000 300.000000 95.478084 -150.178002 550.081703 -0.655301 -1.572905
0.000000 301.000000 95.478084 -152.612541 548.670936 -0.666780 -1.598404
0.000000 302.000000 95.478084 -155.000592 547.223872 -0.678108 -1.623415
0.000000 303.000000 95.478084 -157.341430 545.742273 -0.689283 -1.647932
0.000000 304.000000 95.478084 -159.634339 544.227943 -0.700300 -1.671947
0.000000 305.000000 95.478084 -161.878622 542.682729 -0.711156 -1.695453
0.000000 306.000000 95.478084 -164.073596 541.108512 -0.721846 -1.718442
0.000000 307.000000 95.478084 -166.218591 539.507210 -0.732368 -1.740908
0.000000 308.000000 95.478084 -168.312954 537.880776 -0.742716 -1.762844
0.000000 309.000000 95.478084 -170.356048 536.231189 -0.752887 -1.784242
0.000000 310.000000 95.478084 -172.347249 534.560460 -0.762876 -1.805097
0.000000 311.000000 95.478084 -174.285952 532.870624 -0.772680 -1.825403
0.000000 312.000000 95.478084 -176.171565 531.163741 -0.782294 -1.845152
0.000000 313.000000 95.478084 -178.003515 529.441889 -0.791713 -1.864339
0.000000 314.000000 95.478084 -179.781244 527.707167 -0.800933 -1.882958
0.000000 315.000000 95.478084 -181.504209 525.961688 -0.809949 -1.901004
0.000000 316.000000 95.478084 -183.171886 524.207578 -0.818758 -1.918470
0.000000 317.000000 95.478084 -184.783768 522.446975 -0.827353 -1.935353
0.000000 318.000000 95.478084 -186.339362 520.682024 -0.835731 -1.951645
0.000000 319.000000 95.478084 -187.838196 518.914875 -0.843886 -1.967344
0.000000 320.000000 95.478084 -189.279812 517.147681 -0.851815 -1.982443
0.000000 321.000000 95.478084 -190.663772 515.382595 -0.859511 -1.996938
0.000000 322.000000 95.478084 -191.989654 513.621768 -0.866970 -2.010824
0.000000 323.000000 95.478084 -193.257054 511.867345 -0.874188 -2.024099
0.000000 324.000000 95.478084 -194.465586 510.121463 -0.881159 -2.036756
0.000000 325.000000 95.478084 -195.614882 508.386249 -0.887878 -2.048794
0.000000 326.000000 95.478084 -196.704592 506.663819 -0.894340 -2.060207
0.000000 327.000000 95.478084 -197.734383 504.956269 -0.900541 -2.070992
0.000000 328.000000 95.478084 -198.703943 503.265681 -0.906475 -2.081147
0.000000 329.000000 95.478084 -199.612976 501.594114 -0.912138 -2.090668
0.000000 330.000000 95.478084 -200.461204 499.943604 -0.917525 -2.099552
0.000000 331.000000 95.478084 -201.248371 498.316164 -0.922631 -2.107796
0.000000 332.000000 95.478084 -201.974235 496.713775 -0.927451 -2.115399
0.000000 333.000000 95.478084 -202.638575 495.138389 -0.931981 -2.122357
0.000000 334.000000 95.478084 -203.241190 493.591927 -0.936216 -2.128669
0.000000 335.000000 95.478084 -203.781896 492.076271 -0.940151 -2.134332
0.000000 336.000000 95.478084 -204.260528 490.593270 -0.943782 -2.139345
0.000000 337.000000 95.478084 -204.676940 489.144729 -0.947106 -2.143706
0.000000 338.000000 95.478084 -205.031005 487.732414 -0.950117 -2.147414
0.000000 339.000000 95.478084 -205.322617 486.358044 -0.952811 -2.150469
0.000000 340.000000 95.478084 -205.551684 485.023295 -0.955186 -2.152868
0.000000 341.000000 95.478084 -205.718139 483.729793 -0.957237 -2.154611
0.000000 342.000000 95.478084 -205.821930 482.479114 -0.958960 -2.155698
0.000000 343.000000 95.478084 -205.863026 481.272781 -0.960353 -2.156129
0.000000 344.000000 95.478084 -205.841414 480.112264 -0.961412 -2.155902
0.000000 345.000000 95.478084 -205.757100 478.998977 -0.962134 -2.155019
0.000000 346.000000 95.478084 -205.610111 477.934277 -0.962517 -2.153480
0.000000 347.000000 95.478084 -205.400491 476.919461 -0.962558 -2.151284
0.000000 348.000000 95.478084 -205.128304 475.955764 -0.962256 -2.148433
0.000000 349.000000 95.478084 -204.793633 475.044361 -0.961607 -2.144928
0.000000 350.000000 95.478084 -204.396580 474.186364 -0.960610 -2.140770
0.000000 351.000000 95.478084 -203.937266 473.382815 -0.959265 -2.135959
0.000000 352.000000 95.478084 -203.415831 472.634696 -0.957569 -2.130498
0.000000 353.000000 95.478084 -202.832433 471.942917 -0.955522 -2.124387
0.000000 354.000000 95.478084 -202.187250 471.308322 -0.953124 -2.117630
0.000000 355.000000 95.478084 -201.480479 470.731682 -0.950374 -2.110228
0.000000 356.000000 95.478084 -200.712335 470.213702 -0.947272 -2.102182
0.000000 357.000000 95.478084 -199.883053 469.755011 -0.943818 -2.093497
0.000000 358.000000 95.478084 -198.992883 469.356170 -0.940014 -2.084173
0.000000 359.000000 95.478084 -198.042099 469.017663 -0.935860 -2.074215
0.000000 360.000000 95.478084 -197.030990 468.739903 -0.931358 -2.063625
